<?xml version="1.0" encoding="UTF-8"?>
<!-- Generated by org.testng.reporters.JUnitReportReporter -->
<testsuite hostname="LAPTOP-HU8ACQCC" failures="0" tests="4" name="com.ninza.crm.demo.practice.DataProviderDemo" time="0.013" errors="0" timestamp="2025-08-21T17:47:23 IST" skipped="0">
  <testcase classname="com.ninza.crm.demo.practice.DataProviderDemo" name="login" time="0.001"/>
  <testcase classname="com.ninza.crm.demo.practice.DataProviderDemo" name="login" time="0.002"/>
  <testcase classname="com.ninza.crm.demo.practice.DataProviderDemo" name="login" time="0.008"/>
  <testcase classname="com.ninza.crm.demo.practice.DataProviderDemo" name="login" time="0.002"/>
</testsuite> <!-- com.ninza.crm.demo.practice.DataProviderDemo -->
