<?xml version="1.0" encoding="UTF-8"?>
<!-- Generated by org.testng.reporters.JUnitReportReporter -->
<testsuite hostname="LAPTOP-HU8ACQCC" failures="0" tests="2" name="com.ninza.crm.testNG.practice.NewTestTestNG" time="0.023" errors="0" timestamp="2025-08-28T17:34:27 IST" skipped="0">
  <testcase classname="com.ninza.crm.testNG.practice.NewTestTestNG" name="test2" time="0.002"/>
  <testcase classname="com.ninza.crm.testNG.practice.NewTestTestNG" name="test1" time="0.021"/>
</testsuite> <!-- com.ninza.crm.testNG.practice.NewTestTestNG -->
