<?xml version="1.0" encoding="UTF-8"?>
<!-- Generated by org.testng.reporters.JUnitReportReporter -->
<testsuite hostname="LAPTOP-HU8ACQCC" failures="0" tests="4" name="com.ninza.crm.demo.practice.DataProviderDemo_Using_testNG" time="0.010" errors="0" timestamp="2025-08-29T16:40:40 IST" skipped="0">
  <testcase classname="com.ninza.crm.demo.practice.DataProviderDemo_Using_testNG" name="login" time="0.007"/>
  <testcase classname="com.ninza.crm.demo.practice.DataProviderDemo_Using_testNG" name="login" time="0.001"/>
  <testcase classname="com.ninza.crm.demo.practice.DataProviderDemo_Using_testNG" name="login" time="0.001"/>
  <testcase classname="com.ninza.crm.demo.practice.DataProviderDemo_Using_testNG" name="login" time="0.001"/>
</testsuite> <!-- com.ninza.crm.demo.practice.DataProviderDemo_Using_testNG -->
