<?xml version="1.0" encoding="UTF-8"?>
<!-- Generated by org.testng.reporters.JUnitReportReporter -->
<testsuite hostname="LAPTOP-HU8ACQCC" failures="0" tests="1" name="com.ninza.crm.Campaign_TestCase.CreateCampaignPageTest" time="16.985" errors="0" timestamp="2025-10-03T13:23:34 IST" skipped="0">
  <testcase classname="com.ninza.crm.Campaign_TestCase.CreateCampaignPageTest" name="createCamapignWithExpectedCloseDateTest" time="16.985"/>
</testsuite> <!-- com.ninza.crm.Campaign_TestCase.CreateCampaignPageTest -->
