<?xml version="1.0" encoding="UTF-8"?>
<!-- Generated by org.testng.reporters.JUnitReportReporter -->
<testsuite hostname="LAPTOP-HU8ACQCC" failures="0" tests="1" name="testcase1.demo" time="0.008" errors="0" timestamp="2025-09-19T18:06:44 IST" skipped="0">
  <testcase classname="testcase1.demo" name="demoTest" time="0.008"/>
</testsuite> <!-- testcase1.demo -->
