<?xml version="1.0" encoding="UTF-8"?>
<!-- Generated by org.testng.reporters.JUnitReportReporter -->
<testsuite hostname="LAPTOP-HU8ACQCC" failures="0" tests="1" name="com.ninza.crm_TestCases.CreateCampaignPage_usingTestng_new_Test" time="6.807" errors="0" timestamp="2025-09-03T19:38:48 IST" skipped="0">
  <testcase classname="com.ninza.crm_TestCases.CreateCampaignPage_usingTestng_new_Test" name="createCamapignWithExpectedCloseDateTest" time="6.807"/>
</testsuite> <!-- com.ninza.crm_TestCases.CreateCampaignPage_usingTestng_new_Test -->
