<?xml version="1.0" encoding="UTF-8"?>
<!-- Generated by org.testng.reporters.JUnitReportReporter -->
<testsuite hostname="LAPTOP-HU8ACQCC" failures="0" tests="1" name="com.ninza.crm.Campaign_TestCase.CreateCampaignPageTest" time="20.579" errors="0" timestamp="2025-09-19T18:08:27 IST" skipped="0">
  <testcase classname="com.ninza.crm.Campaign_TestCase.CreateCampaignPageTest" name="createCamapignWithMadatoryFieldsTest" time="20.579"/>
</testsuite> <!-- com.ninza.crm.Campaign_TestCase.CreateCampaignPageTest -->
