<?xml version="1.0" encoding="UTF-8"?>
<!-- Generated by org.testng.reporters.JUnitReportReporter -->
<testsuite hostname="LAPTOP-HU8ACQCC" failures="0" tests="1" name="com.ninza.crm.d.Product_TestCase.CreateProductPageTest" time="13.561" errors="0" timestamp="2025-10-03T13:23:34 IST" skipped="0">
  <testcase classname="com.ninza.crm.d.Product_TestCase.CreateProductPageTest" name="CreateProductWithoutAddProductTest" time="13.561"/>
</testsuite> <!-- com.ninza.crm.d.Product_TestCase.CreateProductPageTest -->
