<?xml version="1.0" encoding="UTF-8"?>
<!-- Generated by org.testng.reporters.JUnitReportReporter -->
<testsuite hostname="LAPTOP-HU8ACQCC" failures="0" tests="1" name="com.ninza.crm.d.Product_TestCase.CreateProductPageTest" time="9.371" errors="0" timestamp="2025-09-15T18:32:44 IST" skipped="0">
  <testcase classname="com.ninza.crm.d.Product_TestCase.CreateProductPageTest" name="CreateProductWithMandatoryFieldsTest" time="9.371"/>
</testsuite> <!-- com.ninza.crm.d.Product_TestCase.CreateProductPageTest -->
